
======================================================================
PPO FLEET OPTIMIZATION TRAINING
======================================================================

######################################################################
# Training Fleet Size: 20 drones
######################################################################

======================================================================
PHASE 1: Single Hub (Hub 6 only)
======================================================================
Active hubs:        1 hubs
Routes:             5 viable routes
Episode length:     360 minutes (steps)
Training timesteps: 50,000
Learning rate:      1.00e-03
Batch size:         64
Update epochs:      20
======================================================================

Creating environment for fleet size: 20 drones...
✓ Environment created
  Observation space: (42,)
  Action space:      (9,)
  Episode length:    360 steps
  Device:            cpu

Initializing PPO agent...
  Checkpoint path:   models/fleet_20
  Logs path:         logs/fleet_20_phase_1
Using cpu device
Wrapping the env with a `Monitor` wrapper
Wrapping the env in a DummyVecEnv.
✓ PPO agent created with 14,483 parameters

Starting training...
  Total timesteps: 50,000
  Expected time:   1.0x Phase 1 duration

Open TensorBoard with:
  tensorboard --logdir logs
Logging to logs/fleet_20_phase_1/PPO_8
-----------------------------
| time/              |      |
|    fps             | 3670 |
|    iterations      | 1    |
|    time_elapsed    | 0    |
|    total_timesteps | 2048 |
-----------------------------
------------------------------------------
| time/                   |              |
|    fps                  | 2260         |
|    iterations           | 2            |
|    time_elapsed         | 1            |
|    total_timesteps      | 4096         |
| train/                  |              |
|    approx_kl            | 0.0041399417 |
|    clip_fraction        | 0.0124       |
|    clip_range           | 0.2          |
|    entropy_loss         | -12.8        |
|    explained_variance   | 4.65e-06     |
|    learning_rate        | 0.001        |
|    loss                 | 7.56e+08     |
|    n_updates            | 20           |
|    policy_gradient_loss | -0.00344     |
|    std                  | 0.999        |
|    value_loss           | 1.38e+09     |
------------------------------------------
------------------------------------------
| time/                   |              |
|    fps                  | 2079         |
|    iterations           | 3            |
|    time_elapsed         | 2            |
|    total_timesteps      | 6144         |
| train/                  |              |
|    approx_kl            | 0.0041348077 |
|    clip_fraction        | 0.00669      |
|    clip_range           | 0.2          |
|    entropy_loss         | -12.8        |
|    explained_variance   | 0            |
|    learning_rate        | 0.001        |
|    loss                 | 4.9e+09      |
|    n_updates            | 40           |
|    policy_gradient_loss | -0.0038      |
|    std                  | 0.999        |
|    value_loss           | 9.7e+09      |
------------------------------------------
------------------------------------------
| time/                   |              |
|    fps                  | 2001         |
|    iterations           | 4            |
|    time_elapsed         | 4            |
|    total_timesteps      | 8192         |
| train/                  |              |
|    approx_kl            | 0.0022894708 |
|    clip_fraction        | 0.000415     |
|    clip_range           | 0.2          |
|    entropy_loss         | -12.8        |
|    explained_variance   | 0            |
|    learning_rate        | 0.001        |
|    loss                 | 1.39e+10     |
|    n_updates            | 60           |
|    policy_gradient_loss | -0.00261     |
|    std                  | 0.999        |
|    value_loss           | 2.66e+10     |
------------------------------------------
------------------------------------------
| time/                   |              |
|    fps                  | 1958         |
|    iterations           | 5            |
|    time_elapsed         | 5            |
|    total_timesteps      | 10240        |
| train/                  |              |
|    approx_kl            | 0.0004104751 |
|    clip_fraction        | 0            |
|    clip_range           | 0.2          |
|    entropy_loss         | -12.8        |
|    explained_variance   | 0            |
|    learning_rate        | 0.001        |
|    loss                 | 2.58e+10     |
|    n_updates            | 80           |
|    policy_gradient_loss | -0.000689    |
|    std                  | 0.999        |
|    value_loss           | 5.18e+10     |
------------------------------------------
------------------------------------------
| time/                   |              |
|    fps                  | 1860         |
|    iterations           | 6            |
|    time_elapsed         | 6            |
|    total_timesteps      | 12288        |
| train/                  |              |
|    approx_kl            | 0.0005303515 |
|    clip_fraction        | 0            |
|    clip_range           | 0.2          |
|    entropy_loss         | -12.8        |
|    explained_variance   | 0            |
|    learning_rate        | 0.001        |
|    loss                 | 4.31e+10     |
|    n_updates            | 100          |
|    policy_gradient_loss | -0.00105     |
|    std                  | 0.999        |
|    value_loss           | 8.52e+10     |
------------------------------------------
-------------------------------------------
| time/                   |               |
|    fps                  | 1850          |
|    iterations           | 7             |
|    time_elapsed         | 7             |
|    total_timesteps      | 14336         |
| train/                  |               |
|    approx_kl            | 0.00037002753 |
|    clip_fraction        | 0             |
|    clip_range           | 0.2           |
|    entropy_loss         | -12.8         |
|    explained_variance   | 0             |
|    learning_rate        | 0.001         |
|    loss                 | 6.37e+10      |
|    n_updates            | 120           |
|    policy_gradient_loss | -0.000916     |
|    std                  | 0.999         |
|    value_loss           | 1.27e+11      |
-------------------------------------------
-------------------------------------------
| time/                   |               |
|    fps                  | 1841          |
|    iterations           | 8             |
|    time_elapsed         | 8             |
|    total_timesteps      | 16384         |
| train/                  |               |
|    approx_kl            | 0.00017530055 |
|    clip_fraction        | 0             |
|    clip_range           | 0.2           |
|    entropy_loss         | -12.8         |
|    explained_variance   | 0             |
|    learning_rate        | 0.001         |
|    loss                 | 8.93e+10      |
|    n_updates            | 140           |
|    policy_gradient_loss | -0.000506     |
|    std                  | 0.999         |
|    value_loss           | 1.77e+11      |
-------------------------------------------
-------------------------------------------
| time/                   |               |
|    fps                  | 1837          |
|    iterations           | 9             |
|    time_elapsed         | 10            |
|    total_timesteps      | 18432         |
| train/                  |               |
|    approx_kl            | 0.00015139172 |
|    clip_fraction        | 0             |
|    clip_range           | 0.2           |
|    entropy_loss         | -12.8         |
|    explained_variance   | -1.19e-07     |
|    learning_rate        | 0.001         |
|    loss                 | 1.17e+11      |
|    n_updates            | 160           |
|    policy_gradient_loss | -0.000502     |
|    std                  | 0.999         |
|    value_loss           | 2.35e+11      |
-------------------------------------------
------------------------------------------
| time/                   |              |
|    fps                  | 1830         |
|    iterations           | 10           |
|    time_elapsed         | 11           |
|    total_timesteps      | 20480        |
| train/                  |              |
|    approx_kl            | 0.0001296832 |
|    clip_fraction        | 0            |
|    clip_range           | 0.2          |
|    entropy_loss         | -12.8        |
|    explained_variance   | 1.79e-07     |
|    learning_rate        | 0.001        |
|    loss                 | 1.5e+11      |
|    n_updates            | 180          |
|    policy_gradient_loss | -0.00046     |
|    std                  | 0.999        |
|    value_loss           | 3.01e+11     |
------------------------------------------
-------------------------------------------
| rollout/                |               |
|    ep_len_mean          | 2.16e+04      |
|    ep_rew_mean          | 4.4e+08       |
| time/                   |               |
|    fps                  | 1825          |
|    iterations           | 11            |
|    time_elapsed         | 12            |
|    total_timesteps      | 22528         |
| train/                  |               |
|    approx_kl            | 0.00013248864 |
|    clip_fraction        | 0             |
|    clip_range           | 0.2           |
|    entropy_loss         | -12.8         |
|    explained_variance   | -1.19e-07     |
|    learning_rate        | 0.001         |
|    loss                 | 1.85e+11      |
|    n_updates            | 200           |
|    policy_gradient_loss | -0.000575     |
|    std                  | 0.999         |
|    value_loss           | 3.76e+11      |
-------------------------------------------
------------------------------------------
| rollout/                |              |
|    ep_len_mean          | 2.16e+04     |
|    ep_rew_mean          | 4.4e+08      |
| time/                   |              |
|    fps                  | 1819         |
|    iterations           | 12           |
|    time_elapsed         | 13           |
|    total_timesteps      | 24576        |
| train/                  |              |
|    approx_kl            | 0.0005629988 |
|    clip_fraction        | 0            |
|    clip_range           | 0.2          |
|    entropy_loss         | -12.8        |
|    explained_variance   | 5.96e-08     |
|    learning_rate        | 0.001        |
|    loss                 | 1.25e+11     |
|    n_updates            | 220          |
|    policy_gradient_loss | -0.00155     |
|    std                  | 1            |
|    value_loss           | 2.39e+11     |
------------------------------------------
------------------------------------------
| rollout/                |              |
|    ep_len_mean          | 2.16e+04     |
|    ep_rew_mean          | 4.4e+08      |
| time/                   |              |
|    fps                  | 1796         |
|    iterations           | 13           |
|    time_elapsed         | 14           |
|    total_timesteps      | 26624        |
| train/                  |              |
|    approx_kl            | 0.0059031555 |
|    clip_fraction        | 0.0285       |
|    clip_range           | 0.2          |
|    entropy_loss         | -12.8        |
|    explained_variance   | -1.19e-07    |
|    learning_rate        | 0.001        |
|    loss                 | 2.08e+09     |
|    n_updates            | 240          |
|    policy_gradient_loss | -0.00518     |
|    std                  | 1            |
|    value_loss           | 4.08e+09     |
------------------------------------------
---------------------------------------
| rollout/                |           |
|    ep_len_mean          | 2.16e+04  |
|    ep_rew_mean          | 4.4e+08   |
| time/                   |           |
|    fps                  | 1797      |
|    iterations           | 14        |
|    time_elapsed         | 15        |
|    total_timesteps      | 28672     |
| train/                  |           |
|    approx_kl            | 0.0031684 |
|    clip_fraction        | 0.00242   |
|    clip_range           | 0.2       |
|    entropy_loss         | -12.8     |
|    explained_variance   | 0         |
|    learning_rate        | 0.001     |
|    loss                 | 7.91e+09  |
|    n_updates            | 260       |
|    policy_gradient_loss | -0.00289  |
|    std                  | 1         |
|    value_loss           | 1.61e+10  |
---------------------------------------
------------------------------------------
| rollout/                |              |
|    ep_len_mean          | 2.16e+04     |
|    ep_rew_mean          | 4.4e+08      |
| time/                   |              |
|    fps                  | 1796         |
|    iterations           | 15           |
|    time_elapsed         | 17           |
|    total_timesteps      | 30720        |
| train/                  |              |
|    approx_kl            | 0.0022192472 |
|    clip_fraction        | 0.000464     |
|    clip_range           | 0.2          |
|    entropy_loss         | -12.8        |
|    explained_variance   | 0            |
|    learning_rate        | 0.001        |
|    loss                 | 1.89e+10     |
|    n_updates            | 280          |
|    policy_gradient_loss | -0.00297     |
|    std                  | 1            |
|    value_loss           | 3.65e+10     |
------------------------------------------
------------------------------------------
| rollout/                |              |
|    ep_len_mean          | 2.16e+04     |
|    ep_rew_mean          | 4.4e+08      |
| time/                   |              |
|    fps                  | 1789         |
|    iterations           | 16           |
|    time_elapsed         | 18           |
|    total_timesteps      | 32768        |
| train/                  |              |
|    approx_kl            | 0.0011906852 |
|    clip_fraction        | 0            |
|    clip_range           | 0.2          |
|    entropy_loss         | -12.8        |
|    explained_variance   | -1.19e-07    |
|    learning_rate        | 0.001        |
|    loss                 | 3.36e+10     |
|    n_updates            | 300          |
|    policy_gradient_loss | -0.00209     |
|    std                  | 1            |
|    value_loss           | 6.51e+10     |
------------------------------------------
--------------------------------------------
| rollout/                |                |
|    ep_len_mean          | 2.16e+04       |
|    ep_rew_mean          | 4.4e+08        |
| time/                   |                |
|    fps                  | 1786           |
|    iterations           | 17             |
|    time_elapsed         | 19             |
|    total_timesteps      | 34816          |
| train/                  |                |
|    approx_kl            | 0.000118334865 |
|    clip_fraction        | 0              |
|    clip_range           | 0.2            |
|    entropy_loss         | -12.8          |
|    explained_variance   | 1.19e-07       |
|    learning_rate        | 0.001          |
|    loss                 | 4.98e+10       |
|    n_updates            | 320            |
|    policy_gradient_loss | -0.000286      |
|    std                  | 1              |
|    value_loss           | 1.03e+11       |
--------------------------------------------
-------------------------------------------
| rollout/                |               |
|    ep_len_mean          | 2.16e+04      |
|    ep_rew_mean          | 4.4e+08       |
| time/                   |               |
|    fps                  | 1784          |
|    iterations           | 18            |
|    time_elapsed         | 20            |
|    total_timesteps      | 36864         |
| train/                  |               |
|    approx_kl            | 0.00034181323 |
|    clip_fraction        | 0             |
|    clip_range           | 0.2           |
|    entropy_loss         | -12.8         |
|    explained_variance   | 0             |
|    learning_rate        | 0.001         |
|    loss                 | 7.37e+10      |
|    n_updates            | 340           |
|    policy_gradient_loss | -0.000857     |
|    std                  | 1             |
|    value_loss           | 1.48e+11      |
-------------------------------------------
------------------------------------------
| rollout/                |              |
|    ep_len_mean          | 2.16e+04     |
|    ep_rew_mean          | 4.4e+08      |
| time/                   |              |
|    fps                  | 1780         |
|    iterations           | 19           |
|    time_elapsed         | 21           |
|    total_timesteps      | 38912        |
| train/                  |              |
|    approx_kl            | 0.0004334905 |
|    clip_fraction        | 0            |
|    clip_range           | 0.2          |
|    entropy_loss         | -12.8        |
|    explained_variance   | -1.19e-07    |
|    learning_rate        | 0.001        |
|    loss                 | 1.01e+11     |
|    n_updates            | 360          |
|    policy_gradient_loss | -0.0013      |
|    std                  | 1            |
|    value_loss           | 2.02e+11     |
------------------------------------------
-------------------------------------------
| rollout/                |               |
|    ep_len_mean          | 2.16e+04      |
|    ep_rew_mean          | 4.4e+08       |
| time/                   |               |
|    fps                  | 1779          |
|    iterations           | 20            |
|    time_elapsed         | 23            |
|    total_timesteps      | 40960         |
| train/                  |               |
|    approx_kl            | 0.00021577193 |
|    clip_fraction        | 0             |
|    clip_range           | 0.2           |
|    entropy_loss         | -12.8         |
|    explained_variance   | -4.77e-07     |
|    learning_rate        | 0.001         |
|    loss                 | 1.32e+11      |
|    n_updates            | 380           |
|    policy_gradient_loss | -0.000776     |
|    std                  | 1             |
|    value_loss           | 2.64e+11      |
-------------------------------------------
-------------------------------------------
| rollout/                |               |
|    ep_len_mean          | 2.16e+04      |
|    ep_rew_mean          | 4.4e+08       |
| time/                   |               |
|    fps                  | 1777          |
|    iterations           | 21            |
|    time_elapsed         | 24            |
|    total_timesteps      | 43008         |
| train/                  |               |
|    approx_kl            | 0.00023930453 |
|    clip_fraction        | 0             |
|    clip_range           | 0.2           |
|    entropy_loss         | -12.8         |
|    explained_variance   | 1.79e-07      |
|    learning_rate        | 0.001         |
|    loss                 | 1.7e+11       |
|    n_updates            | 400           |
|    policy_gradient_loss | -0.000943     |
|    std                  | 1             |
|    value_loss           | 3.35e+11      |
-------------------------------------------
------------------------------------------
| rollout/                |              |
|    ep_len_mean          | 2.16e+04     |
|    ep_rew_mean          | 4.4e+08      |
| time/                   |              |
|    fps                  | 1778         |
|    iterations           | 22           |
|    time_elapsed         | 25           |
|    total_timesteps      | 45056        |
| train/                  |              |
|    approx_kl            | 7.110956e-05 |
|    clip_fraction        | 0            |
|    clip_range           | 0.2          |
|    entropy_loss         | -12.8        |
|    explained_variance   | 0            |
|    learning_rate        | 0.001        |
|    loss                 | 2.08e+11     |
|    n_updates            | 420          |
|    policy_gradient_loss | -0.000284    |
|    std                  | 1            |
|    value_loss           | 4.14e+11     |
------------------------------------------
------------------------------------------
| rollout/                |              |
|    ep_len_mean          | 2.16e+04     |
|    ep_rew_mean          | 4.4e+08      |
| time/                   |              |
|    fps                  | 1779         |
|    iterations           | 23           |
|    time_elapsed         | 26           |
|    total_timesteps      | 47104        |
| train/                  |              |
|    approx_kl            | 0.0018378174 |
|    clip_fraction        | 0.000293     |
|    clip_range           | 0.2          |
|    entropy_loss         | -12.8        |
|    explained_variance   | -1.19e-07    |
|    learning_rate        | 0.001        |
|    loss                 | 4.93e+09     |
|    n_updates            | 440          |
|    policy_gradient_loss | -0.00135     |
|    std                  | 1            |
|    value_loss           | 3.93e+10     |
------------------------------------------
------------------------------------------
| rollout/                |              |
|    ep_len_mean          | 2.16e+04     |
|    ep_rew_mean          | 4.4e+08      |
| time/                   |              |
|    fps                  | 1779         |
|    iterations           | 24           |
|    time_elapsed         | 27           |
|    total_timesteps      | 49152        |
| train/                  |              |
|    approx_kl            | 0.0048796344 |
|    clip_fraction        | 0.0121       |
|    clip_range           | 0.2          |
|    entropy_loss         | -12.8        |
|    explained_variance   | 0            |
|    learning_rate        | 0.001        |
|    loss                 | 4.36e+09     |
|    n_updates            | 460          |
|    policy_gradient_loss | -0.00434     |
|    std                  | 1            |
|    value_loss           | 8.9e+09      |
------------------------------------------
------------------------------------------
| rollout/                |              |
|    ep_len_mean          | 2.16e+04     |
|    ep_rew_mean          | 4.4e+08      |
| time/                   |              |
|    fps                  | 1779         |
|    iterations           | 25           |
|    time_elapsed         | 28           |
|    total_timesteps      | 51200        |
| train/                  |              |
|    approx_kl            | 0.0018924989 |
|    clip_fraction        | 0.000171     |
|    clip_range           | 0.2          |
|    entropy_loss         | -12.8        |
|    explained_variance   | 5.96e-08     |
|    learning_rate        | 0.001        |
|    loss                 | 1.26e+10     |
|    n_updates            | 480          |
|    policy_gradient_loss | -0.00219     |
|    std                  | 1            |
|    value_loss           | 2.53e+10     |
------------------------------------------
 100% ━━━━━━━━━━━━━━━━━━━━━━━━━━━ 51,200/50,000  [ 0:00:28 < 0:00:00 , 1,776 it/s ]

✓ Model saved to models/fleet_20/ppo_fleet_20_phase_1.zip

Testing trained model...
  Episode 1: Reward=438665760.00, Steps=21600, Fulfillment=10000.0%
  Episode 2: Reward=441900416.00, Steps=21600, Fulfillment=10000.0%
  Episode 3: Reward=440332160.00, Steps=21600, Fulfillment=10000.0%
✓ Average test reward: 440299424.00

✅ Successfully trained fleet size 20
   Model saved to: models/fleet_20/ppo_fleet_20_phase_1.zip

======================================================================
TRAINING COMPLETE
======================================================================

Next steps:
1. Monitor training with TensorBoard:
   tensorboard --logdir logs

2. Evaluate models:
   python simulation/rl_inference.py --fleet-size 20 --phase 1

3. Deploy to simulation:
   python simulation/app.py --use-rl --fleet-size 20
