
======================================================================
PPO FLEET OPTIMIZATION TRAINING
======================================================================

######################################################################
# Training Fleet Size: 20 drones
######################################################################

======================================================================
PHASE 1: Single Hub (Hub 6 only)
======================================================================
Active hubs:        1 hubs
Routes:             5 viable routes
Episode length:     360 minutes (steps)
Training timesteps: 50,000
Learning rate:      1.00e-03
Batch size:         64
Update epochs:      20
======================================================================

Creating environment for fleet size: 20 drones...
✓ Environment created
  Observation space: (42,)
  Action space:      (9,)
  Episode length:    360 steps
  Device:            cpu

Initializing PPO agent...
  Checkpoint path:   models/fleet_20
  Logs path:         logs/fleet_20_phase_1
Using cpu device
Wrapping the env with a `Monitor` wrapper
Wrapping the env in a DummyVecEnv.
✓ PPO agent created with 14,483 parameters

Starting training...
  Total timesteps: 50,000
  Expected time:   1.0x Phase 1 duration

Open TensorBoard with:
  tensorboard --logdir logs
Logging to logs/fleet_20_phase_1/PPO_7
-----------------------------
| time/              |      |
|    fps             | 3858 |
|    iterations      | 1    |
|    time_elapsed    | 0    |
|    total_timesteps | 2048 |
-----------------------------
------------------------------------------
| time/                   |              |
|    fps                  | 2306         |
|    iterations           | 2            |
|    time_elapsed         | 1            |
|    total_timesteps      | 4096         |
| train/                  |              |
|    approx_kl            | 0.0048095384 |
|    clip_fraction        | 0.0208       |
|    clip_range           | 0.2          |
|    entropy_loss         | -12.8        |
|    explained_variance   | 8.7e-06      |
|    learning_rate        | 0.001        |
|    loss                 | 6.35e+08     |
|    n_updates            | 20           |
|    policy_gradient_loss | -0.00415     |
|    std                  | 1            |
|    value_loss           | 1.43e+09     |
------------------------------------------
------------------------------------------
| time/                   |              |
|    fps                  | 2104         |
|    iterations           | 3            |
|    time_elapsed         | 2            |
|    total_timesteps      | 6144         |
| train/                  |              |
|    approx_kl            | 0.0049818736 |
|    clip_fraction        | 0.00903      |
|    clip_range           | 0.2          |
|    entropy_loss         | -12.8        |
|    explained_variance   | 1.19e-07     |
|    learning_rate        | 0.001        |
|    loss                 | 4.59e+09     |
|    n_updates            | 40           |
|    policy_gradient_loss | -0.00446     |
|    std                  | 1            |
|    value_loss           | 9.77e+09     |
------------------------------------------
-------------------------------------------
| time/                   |               |
|    fps                  | 2034          |
|    iterations           | 4             |
|    time_elapsed         | 4             |
|    total_timesteps      | 8192          |
| train/                  |               |
|    approx_kl            | 0.00065372663 |
|    clip_fraction        | 0             |
|    clip_range           | 0.2           |
|    entropy_loss         | -12.8         |
|    explained_variance   | 0             |
|    learning_rate        | 0.001         |
|    loss                 | 1.27e+10      |
|    n_updates            | 60            |
|    policy_gradient_loss | -0.000842     |
|    std                  | 1             |
|    value_loss           | 2.68e+10      |
-------------------------------------------
------------------------------------------
| time/                   |              |
|    fps                  | 1997         |
|    iterations           | 5            |
|    time_elapsed         | 5            |
|    total_timesteps      | 10240        |
| train/                  |              |
|    approx_kl            | 0.0005558774 |
|    clip_fraction        | 0            |
|    clip_range           | 0.2          |
|    entropy_loss         | -12.8        |
|    explained_variance   | 0            |
|    learning_rate        | 0.001        |
|    loss                 | 2.55e+10     |
|    n_updates            | 80           |
|    policy_gradient_loss | -0.000984    |
|    std                  | 1            |
|    value_loss           | 5.22e+10     |
------------------------------------------
------------------------------------------
| time/                   |              |
|    fps                  | 1978         |
|    iterations           | 6            |
|    time_elapsed         | 6            |
|    total_timesteps      | 12288        |
| train/                  |              |
|    approx_kl            | 0.0003367327 |
|    clip_fraction        | 0            |
|    clip_range           | 0.2          |
|    entropy_loss         | -12.8        |
|    explained_variance   | -1.19e-07    |
|    learning_rate        | 0.001        |
|    loss                 | 4.33e+10     |
|    n_updates            | 100          |
|    policy_gradient_loss | -0.000722    |
|    std                  | 1            |
|    value_loss           | 8.58e+10     |
------------------------------------------
-------------------------------------------
| time/                   |               |
|    fps                  | 1957          |
|    iterations           | 7             |
|    time_elapsed         | 7             |
|    total_timesteps      | 14336         |
| train/                  |               |
|    approx_kl            | 0.00035613007 |
|    clip_fraction        | 0             |
|    clip_range           | 0.2           |
|    entropy_loss         | -12.8         |
|    explained_variance   | 0             |
|    learning_rate        | 0.001         |
|    loss                 | 6.22e+10      |
|    n_updates            | 120           |
|    policy_gradient_loss | -0.000941     |
|    std                  | 1             |
|    value_loss           | 1.27e+11      |
-------------------------------------------
-------------------------------------------
| time/                   |               |
|    fps                  | 1946          |
|    iterations           | 8             |
|    time_elapsed         | 8             |
|    total_timesteps      | 16384         |
| train/                  |               |
|    approx_kl            | 0.00018496462 |
|    clip_fraction        | 0             |
|    clip_range           | 0.2           |
|    entropy_loss         | -12.8         |
|    explained_variance   | 0             |
|    learning_rate        | 0.001         |
|    loss                 | 9.02e+10      |
|    n_updates            | 140           |
|    policy_gradient_loss | -0.000619     |
|    std                  | 1             |
|    value_loss           | 1.78e+11      |
-------------------------------------------
-------------------------------------------
| time/                   |               |
|    fps                  | 1936          |
|    iterations           | 9             |
|    time_elapsed         | 9             |
|    total_timesteps      | 18432         |
| train/                  |               |
|    approx_kl            | 0.00011913027 |
|    clip_fraction        | 0             |
|    clip_range           | 0.2           |
|    entropy_loss         | -12.8         |
|    explained_variance   | 0             |
|    learning_rate        | 0.001         |
|    loss                 | 1.16e+11      |
|    n_updates            | 160           |
|    policy_gradient_loss | -0.00044      |
|    std                  | 1             |
|    value_loss           | 2.38e+11      |
-------------------------------------------
-------------------------------------------
| time/                   |               |
|    fps                  | 1928          |
|    iterations           | 10            |
|    time_elapsed         | 10            |
|    total_timesteps      | 20480         |
| train/                  |               |
|    approx_kl            | 0.00034070172 |
|    clip_fraction        | 0             |
|    clip_range           | 0.2           |
|    entropy_loss         | -12.8         |
|    explained_variance   | 0             |
|    learning_rate        | 0.001         |
|    loss                 | 1.53e+11      |
|    n_updates            | 180           |
|    policy_gradient_loss | -0.00137      |
|    std                  | 1             |
|    value_loss           | 3.06e+11      |
-------------------------------------------
-------------------------------------------
| rollout/                |               |
|    ep_len_mean          | 2.16e+04      |
|    ep_rew_mean          | 4.43e+08      |
| time/                   |               |
|    fps                  | 1919          |
|    iterations           | 11            |
|    time_elapsed         | 11            |
|    total_timesteps      | 22528         |
| train/                  |               |
|    approx_kl            | 0.00014556354 |
|    clip_fraction        | 0             |
|    clip_range           | 0.2           |
|    entropy_loss         | -12.8         |
|    explained_variance   | 0             |
|    learning_rate        | 0.001         |
|    loss                 | 1.93e+11      |
|    n_updates            | 200           |
|    policy_gradient_loss | -0.000689     |
|    std                  | 1             |
|    value_loss           | 3.83e+11      |
-------------------------------------------
-------------------------------------------
| rollout/                |               |
|    ep_len_mean          | 2.16e+04      |
|    ep_rew_mean          | 4.43e+08      |
| time/                   |               |
|    fps                  | 1915          |
|    iterations           | 12            |
|    time_elapsed         | 12            |
|    total_timesteps      | 24576         |
| train/                  |               |
|    approx_kl            | 0.00012088963 |
|    clip_fraction        | 0             |
|    clip_range           | 0.2           |
|    entropy_loss         | -12.8         |
|    explained_variance   | 0             |
|    learning_rate        | 0.001         |
|    loss                 | 1.03e+11      |
|    n_updates            | 220           |
|    policy_gradient_loss | -0.000445     |
|    std                  | 1             |
|    value_loss           | 2.43e+11      |
-------------------------------------------
------------------------------------------
| rollout/                |              |
|    ep_len_mean          | 2.16e+04     |
|    ep_rew_mean          | 4.43e+08     |
| time/                   |              |
|    fps                  | 1889         |
|    iterations           | 13           |
|    time_elapsed         | 14           |
|    total_timesteps      | 26624        |
| train/                  |              |
|    approx_kl            | 0.0057797953 |
|    clip_fraction        | 0.0242       |
|    clip_range           | 0.2          |
|    entropy_loss         | -12.8        |
|    explained_variance   | 1.19e-07     |
|    learning_rate        | 0.001        |
|    loss                 | 2.15e+09     |
|    n_updates            | 240          |
|    policy_gradient_loss | -0.00477     |
|    std                  | 1            |
|    value_loss           | 4.07e+09     |
------------------------------------------
------------------------------------------
| rollout/                |              |
|    ep_len_mean          | 2.16e+04     |
|    ep_rew_mean          | 4.43e+08     |
| time/                   |              |
|    fps                  | 1886         |
|    iterations           | 14           |
|    time_elapsed         | 15           |
|    total_timesteps      | 28672        |
| train/                  |              |
|    approx_kl            | 0.0020833802 |
|    clip_fraction        | 0.000146     |
|    clip_range           | 0.2          |
|    entropy_loss         | -12.8        |
|    explained_variance   | 3.58e-07     |
|    learning_rate        | 0.001        |
|    loss                 | 8.07e+09     |
|    n_updates            | 260          |
|    policy_gradient_loss | -0.00207     |
|    std                  | 1            |
|    value_loss           | 1.61e+10     |
------------------------------------------
-------------------------------------------
| rollout/                |               |
|    ep_len_mean          | 2.16e+04      |
|    ep_rew_mean          | 4.43e+08      |
| time/                   |               |
|    fps                  | 1870          |
|    iterations           | 15            |
|    time_elapsed         | 16            |
|    total_timesteps      | 30720         |
| train/                  |               |
|    approx_kl            | 0.00044584158 |
|    clip_fraction        | 0             |
|    clip_range           | 0.2           |
|    entropy_loss         | -12.8         |
|    explained_variance   | 0             |
|    learning_rate        | 0.001         |
|    loss                 | 1.9e+10       |
|    n_updates            | 280           |
|    policy_gradient_loss | -0.000669     |
|    std                  | 1             |
|    value_loss           | 3.65e+10      |
-------------------------------------------
-----------------------------------------
| rollout/                |             |
|    ep_len_mean          | 2.16e+04    |
|    ep_rew_mean          | 4.43e+08    |
| time/                   |             |
|    fps                  | 1868        |
|    iterations           | 16          |
|    time_elapsed         | 17          |
|    total_timesteps      | 32768       |
| train/                  |             |
|    approx_kl            | 0.000564291 |
|    clip_fraction        | 0           |
|    clip_range           | 0.2         |
|    entropy_loss         | -12.8       |
|    explained_variance   | 0           |
|    learning_rate        | 0.001       |
|    loss                 | 3.27e+10    |
|    n_updates            | 300         |
|    policy_gradient_loss | -0.00109    |
|    std                  | 1           |
|    value_loss           | 6.57e+10    |
-----------------------------------------
-------------------------------------------
| rollout/                |               |
|    ep_len_mean          | 2.16e+04      |
|    ep_rew_mean          | 4.43e+08      |
| time/                   |               |
|    fps                  | 1863          |
|    iterations           | 17            |
|    time_elapsed         | 18            |
|    total_timesteps      | 34816         |
| train/                  |               |
|    approx_kl            | 0.00051752804 |
|    clip_fraction        | 0             |
|    clip_range           | 0.2           |
|    entropy_loss         | -12.8         |
|    explained_variance   | -2.38e-07     |
|    learning_rate        | 0.001         |
|    loss                 | 5.06e+10      |
|    n_updates            | 320           |
|    policy_gradient_loss | -0.00126      |
|    std                  | 1             |
|    value_loss           | 1.03e+11      |
-------------------------------------------
-------------------------------------------
| rollout/                |               |
|    ep_len_mean          | 2.16e+04      |
|    ep_rew_mean          | 4.43e+08      |
| time/                   |               |
|    fps                  | 1856          |
|    iterations           | 18            |
|    time_elapsed         | 19            |
|    total_timesteps      | 36864         |
| train/                  |               |
|    approx_kl            | 0.00028295335 |
|    clip_fraction        | 0             |
|    clip_range           | 0.2           |
|    entropy_loss         | -12.8         |
|    explained_variance   | 0             |
|    learning_rate        | 0.001         |
|    loss                 | 7.35e+10      |
|    n_updates            | 340           |
|    policy_gradient_loss | -0.00081      |
|    std                  | 1             |
|    value_loss           | 1.48e+11      |
-------------------------------------------
------------------------------------------
| rollout/                |              |
|    ep_len_mean          | 2.16e+04     |
|    ep_rew_mean          | 4.43e+08     |
| time/                   |              |
|    fps                  | 1854         |
|    iterations           | 19           |
|    time_elapsed         | 20           |
|    total_timesteps      | 38912        |
| train/                  |              |
|    approx_kl            | 7.417041e-05 |
|    clip_fraction        | 0            |
|    clip_range           | 0.2          |
|    entropy_loss         | -12.8        |
|    explained_variance   | 0            |
|    learning_rate        | 0.001        |
|    loss                 | 1.01e+11     |
|    n_updates            | 360          |
|    policy_gradient_loss | -0.000256    |
|    std                  | 1            |
|    value_loss           | 2.01e+11     |
------------------------------------------
-------------------------------------------
| rollout/                |               |
|    ep_len_mean          | 2.16e+04      |
|    ep_rew_mean          | 4.43e+08      |
| time/                   |               |
|    fps                  | 1855          |
|    iterations           | 20            |
|    time_elapsed         | 22            |
|    total_timesteps      | 40960         |
| train/                  |               |
|    approx_kl            | 0.00011915169 |
|    clip_fraction        | 0             |
|    clip_range           | 0.2           |
|    entropy_loss         | -12.8         |
|    explained_variance   | 0             |
|    learning_rate        | 0.001         |
|    loss                 | 1.31e+11      |
|    n_updates            | 380           |
|    policy_gradient_loss | -0.00047      |
|    std                  | 1             |
|    value_loss           | 2.62e+11      |
-------------------------------------------
------------------------------------------
| rollout/                |              |
|    ep_len_mean          | 2.16e+04     |
|    ep_rew_mean          | 4.43e+08     |
| time/                   |              |
|    fps                  | 1856         |
|    iterations           | 21           |
|    time_elapsed         | 23           |
|    total_timesteps      | 43008        |
| train/                  |              |
|    approx_kl            | 0.0001245371 |
|    clip_fraction        | 0            |
|    clip_range           | 0.2          |
|    entropy_loss         | -12.8        |
|    explained_variance   | 1.19e-07     |
|    learning_rate        | 0.001        |
|    loss                 | 1.66e+11     |
|    n_updates            | 400          |
|    policy_gradient_loss | -0.00053     |
|    std                  | 1            |
|    value_loss           | 3.31e+11     |
------------------------------------------
-------------------------------------------
| rollout/                |               |
|    ep_len_mean          | 2.16e+04      |
|    ep_rew_mean          | 4.41e+08      |
| time/                   |               |
|    fps                  | 1857          |
|    iterations           | 22            |
|    time_elapsed         | 24            |
|    total_timesteps      | 45056         |
| train/                  |               |
|    approx_kl            | 5.8992533e-05 |
|    clip_fraction        | 0             |
|    clip_range           | 0.2           |
|    entropy_loss         | -12.8         |
|    explained_variance   | -2.38e-07     |
|    learning_rate        | 0.001         |
|    loss                 | 2.04e+11      |
|    n_updates            | 420           |
|    policy_gradient_loss | -0.00029      |
|    std                  | 1             |
|    value_loss           | 4.1e+11       |
-------------------------------------------
------------------------------------------
| rollout/                |              |
|    ep_len_mean          | 2.16e+04     |
|    ep_rew_mean          | 4.41e+08     |
| time/                   |              |
|    fps                  | 1854         |
|    iterations           | 23           |
|    time_elapsed         | 25           |
|    total_timesteps      | 47104        |
| train/                  |              |
|    approx_kl            | 0.0026679246 |
|    clip_fraction        | 0.0021       |
|    clip_range           | 0.2          |
|    entropy_loss         | -12.8        |
|    explained_variance   | 1.19e-07     |
|    learning_rate        | 0.001        |
|    loss                 | 2.49e+10     |
|    n_updates            | 440          |
|    policy_gradient_loss | -0.00234     |
|    std                  | 1            |
|    value_loss           | 3.9e+10      |
------------------------------------------
------------------------------------------
| rollout/                |              |
|    ep_len_mean          | 2.16e+04     |
|    ep_rew_mean          | 4.41e+08     |
| time/                   |              |
|    fps                  | 1855         |
|    iterations           | 24           |
|    time_elapsed         | 26           |
|    total_timesteps      | 49152        |
| train/                  |              |
|    approx_kl            | 0.0053545465 |
|    clip_fraction        | 0.0124       |
|    clip_range           | 0.2          |
|    entropy_loss         | -12.8        |
|    explained_variance   | 0            |
|    learning_rate        | 0.001        |
|    loss                 | 4.25e+09     |
|    n_updates            | 460          |
|    policy_gradient_loss | -0.00471     |
|    std                  | 1            |
|    value_loss           | 8.65e+09     |
------------------------------------------
------------------------------------------
| rollout/                |              |
|    ep_len_mean          | 2.16e+04     |
|    ep_rew_mean          | 4.41e+08     |
| time/                   |              |
|    fps                  | 1851         |
|    iterations           | 25           |
|    time_elapsed         | 27           |
|    total_timesteps      | 51200        |
| train/                  |              |
|    approx_kl            | 0.0012870439 |
|    clip_fraction        | 2.44e-05     |
|    clip_range           | 0.2          |
|    entropy_loss         | -12.8        |
|    explained_variance   | -1.19e-07    |
|    learning_rate        | 0.001        |
|    loss                 | 1.31e+10     |
|    n_updates            | 480          |
|    policy_gradient_loss | -0.00158     |
|    std                  | 1            |
|    value_loss           | 2.48e+10     |
------------------------------------------
 100% ━━━━━━━━━━━━━━━━━━━━━━━━━━━ 51,200/50,000  [ 0:00:27 < 0:00:00 , 1,848 it/s ]

✓ Model saved to models/fleet_20/ppo_fleet_20_phase_1.zip

Testing trained model...
  Episode 1: Reward=438692160.00, Steps=21600, Fulfillment=10000.0%
  Episode 2: Reward=440936096.00, Steps=21600, Fulfillment=10000.0%
  Episode 3: Reward=437189696.00, Steps=21600, Fulfillment=10000.0%
✓ Average test reward: 438939296.00

✅ Successfully trained fleet size 20
   Model saved to: models/fleet_20/ppo_fleet_20_phase_1.zip

======================================================================
TRAINING COMPLETE
======================================================================

Next steps:
1. Monitor training with TensorBoard:
   tensorboard --logdir logs

2. Evaluate models:
   python simulation/rl_inference.py --fleet-size 20 --phase 1

3. Deploy to simulation:
   python simulation/app.py --use-rl --fleet-size 20
